<?xml version="1.0" encoding="UTF-8"?>
<testsuite name="StringCalculatorTest" tests="1" skipped="0" failures="0" errors="0" timestamp="2024-02-20T04:58:53" hostname="Sachins-MacBook-Pro.local" time="0.011">
  <properties/>
  <testcase name="testMultiplyWithNewline()" classname="StringCalculatorTest" time="0.011"/>
  <system-out><![CDATA[]]></system-out>
  <system-err><![CDATA[]]></system-err>
</testsuite>
